<?xml version="1.0" encoding="UTF-8"?>
<!-- Generated by org.testng.reporters.JUnitXMLReporter -->
<testsuite ignored="0" hostname="LAPTOP-TSCUKP0I" failures="0" tests="4" name="Testlogin" time="23.313" errors="0" timestamp="2024-03-21T12:10:09 IST">
  <testcase classname="Testcase.LoginTest" name="logincase" time="0.202"/>
  <testcase classname="Testcase.LoginTest" name="logincase" time="2.943"/>
  <testcase classname="Testcase.LoginTest" name="logincase" time="0.528"/>
  <testcase classname="Testcase.LoginTest" name="logincase" time="1.467"/>
</testsuite> <!-- Testlogin -->
