<?xml version="1.0" encoding="UTF-8"?>
<!-- Generated by org.testng.reporters.JUnitXMLReporter -->
<testsuite ignored="0" hostname="LAPTOP-TSCUKP0I" failures="0" tests="4" name="Testlogin" time="21.116" errors="0" timestamp="2024-03-28T10:06:48 IST">
  <testcase classname="Testcase.LoginTest" name="logincase" time="1.072"/>
  <testcase classname="Testcase.LoginTest" name="logincase" time="0.433"/>
  <testcase classname="Testcase.LoginTest" name="logincase" time="1.415"/>
  <testcase classname="Testcase.LoginTest" name="logincase" time="1.096"/>
</testsuite> <!-- Testlogin -->
