<?xml version="1.0" encoding="UTF-8"?>
<!-- Generated by org.testng.reporters.JUnitXMLReporter -->
<testsuite ignored="0" hostname="LAPTOP-TSCUKP0I" failures="0" tests="4" name="Testlogin" time="27.199" errors="0" timestamp="2024-03-24T14:13:15 IST">
  <testcase classname="Testcase.LoginTest" name="logincase" time="0.244"/>
  <testcase classname="Testcase.LoginTest" name="logincase" time="2.831"/>
  <testcase classname="Testcase.LoginTest" name="logincase" time="1.39"/>
  <testcase classname="Testcase.LoginTest" name="logincase" time="1.304"/>
</testsuite> <!-- Testlogin -->
