<?xml version="1.0" encoding="UTF-8"?>
<testsuite xmlns:xsi="http://www.w3.org/2001/XMLSchema-instance" xsi:noNamespaceSchemaLocation="https://maven.apache.org/surefire/maven-surefire-plugin/xsd/surefire-test-report-3.0.xsd" version="3.0" name="TestSuite" time="82.987" tests="5" errors="0" skipped="0" failures="0">
  <properties>
[...]
</properties>
  <testcase name="logincase" classname="Testcase.LoginTest" time="0.246"/>
  <testcase name="logincase" classname="Testcase.LoginTest" time="2.831"/>
  <testcase name="logincase" classname="Testcase.LoginTest" time="1.39"/>
  <testcase name="logincase" classname="Testcase.LoginTest" time="1.304"/>
  <testcase name="contactcase" classname="Testcase.ContactTestcase" time="13.691"/>
</testsuite>