<?xml version="1.0" encoding="UTF-8"?>
<testng-results ignored="0" total="5" passed="5" failed="0" skipped="0">
  <reporter-output>
  </reporter-output>
  <suite started-at="2024-03-24T14:12:48 IST" name="Suite" finished-at="2024-03-24T14:14:10 IST" duration-ms="81967">
    <groups>
    </groups>
    <test started-at="2024-03-24T14:12:48 IST" name="Testlogin" finished-at="2024-03-24T14:13:15 IST" duration-ms="27199">
      <class name="Testcase.LoginTest">
        <test-method is-config="true" signature="startapp()[pri:0, instance:Testcase.LoginTest@4982cc36]" started-at="2024-03-24T14:12:48 IST" name="startapp" finished-at="2024-03-24T14:13:09 IST" duration-ms="20910" status="PASS">
          <reporter-output>
          </reporter-output>
        </test-method> <!-- startapp -->
        <test-method is-config="true" signature="setvalues()[pri:0, instance:Testcase.LoginTest@4982cc36]" started-at="2024-03-24T14:13:09 IST" name="setvalues" finished-at="2024-03-24T14:13:09 IST" depends-on-methods="Base.BaseClass.startapp" duration-ms="0" status="PASS">
          <reporter-output>
          </reporter-output>
        </test-method> <!-- setvalues -->
        <test-method is-config="true" signature="report()[pri:0, instance:Testcase.LoginTest@4982cc36]" started-at="2024-03-24T14:13:09 IST" name="report" finished-at="2024-03-24T14:13:09 IST" duration-ms="3" status="PASS">
          <reporter-output>
          </reporter-output>
        </test-method> <!-- report -->
        <test-method signature="logincase(java.lang.String,java.lang.String)[pri:0, instance:Testcase.LoginTest@4982cc36]" started-at="2024-03-24T14:13:09 IST" name="logincase" data-provider="fetch" finished-at="2024-03-24T14:13:09 IST" duration-ms="244" status="PASS">
          <params>
            <param index="0">
              <value>
                <![CDATA[Admin1]]>
              </value>
            </param>
            <param index="1">
              <value>
                <![CDATA[admin]]>
              </value>
            </param>
          </params>
          <reporter-output>
          </reporter-output>
        </test-method> <!-- logincase -->
        <test-method signature="logincase(java.lang.String,java.lang.String)[pri:0, instance:Testcase.LoginTest@4982cc36]" started-at="2024-03-24T14:13:09 IST" name="logincase" data-provider="fetch" finished-at="2024-03-24T14:13:12 IST" duration-ms="2831" status="PASS">
          <params>
            <param index="0">
              <value>
                <![CDATA[Admin]]>
              </value>
            </param>
            <param index="1">
              <value>
                <![CDATA[sad]]>
              </value>
            </param>
          </params>
          <reporter-output>
          </reporter-output>
        </test-method> <!-- logincase -->
        <test-method signature="logincase(java.lang.String,java.lang.String)[pri:0, instance:Testcase.LoginTest@4982cc36]" started-at="2024-03-24T14:13:12 IST" name="logincase" data-provider="fetch" finished-at="2024-03-24T14:13:14 IST" duration-ms="1390" status="PASS">
          <params>
            <param index="0">
              <value>
                <![CDATA[jkca]]>
              </value>
            </param>
            <param index="1">
              <value>
                <![CDATA[admin123]]>
              </value>
            </param>
          </params>
          <reporter-output>
          </reporter-output>
        </test-method> <!-- logincase -->
        <test-method signature="logincase(java.lang.String,java.lang.String)[pri:0, instance:Testcase.LoginTest@4982cc36]" started-at="2024-03-24T14:13:14 IST" name="logincase" data-provider="fetch" finished-at="2024-03-24T14:13:15 IST" duration-ms="1304" status="PASS">
          <params>
            <param index="0">
              <value>
                <![CDATA[Admin]]>
              </value>
            </param>
            <param index="1">
              <value>
                <![CDATA[admin123]]>
              </value>
            </param>
          </params>
          <reporter-output>
          </reporter-output>
        </test-method> <!-- logincase -->
        <test-method is-config="true" signature="closeapp()[pri:0, instance:Testcase.LoginTest@4982cc36]" started-at="2024-03-24T14:13:15 IST" name="closeapp" finished-at="2024-03-24T14:13:15 IST" duration-ms="35" status="PASS">
          <reporter-output>
          </reporter-output>
        </test-method> <!-- closeapp -->
      </class> <!-- Testcase.LoginTest -->
    </test> <!-- Testlogin -->
    <test started-at="2024-03-24T14:13:15 IST" name="Testcontact" finished-at="2024-03-24T14:14:10 IST" duration-ms="54758">
      <class name="Testcase.ContactTestcase">
        <test-method is-config="true" signature="startreport()[pri:0, instance:Testcase.ContactTestcase@146587a2]" started-at="2024-03-24T14:12:48 IST" name="startreport" finished-at="2024-03-24T14:12:48 IST" duration-ms="100" status="PASS">
          <reporter-output>
          </reporter-output>
        </test-method> <!-- startreport -->
        <test-method is-config="true" signature="startapp()[pri:0, instance:Testcase.ContactTestcase@146587a2]" started-at="2024-03-24T14:13:15 IST" name="startapp" finished-at="2024-03-24T14:13:56 IST" duration-ms="41005" status="PASS">
          <reporter-output>
          </reporter-output>
        </test-method> <!-- startapp -->
        <test-method is-config="true" signature="setvalues()[pri:0, instance:Testcase.ContactTestcase@146587a2]" started-at="2024-03-24T14:13:56 IST" name="setvalues" finished-at="2024-03-24T14:13:56 IST" depends-on-methods="Base.BaseClass.startapp" duration-ms="0" status="PASS">
          <reporter-output>
          </reporter-output>
        </test-method> <!-- setvalues -->
        <test-method signature="contactcase()[pri:0, instance:Testcase.ContactTestcase@146587a2]" started-at="2024-03-24T14:13:56 IST" name="contactcase" finished-at="2024-03-24T14:14:10 IST" duration-ms="13692" status="PASS">
          <reporter-output>
          </reporter-output>
        </test-method> <!-- contactcase -->
        <test-method is-config="true" signature="report()[pri:0, instance:Testcase.ContactTestcase@146587a2]" started-at="2024-03-24T14:13:56 IST" name="report" finished-at="2024-03-24T14:13:56 IST" duration-ms="0" status="PASS">
          <reporter-output>
          </reporter-output>
        </test-method> <!-- report -->
        <test-method is-config="true" signature="closeapp()[pri:0, instance:Testcase.ContactTestcase@146587a2]" started-at="2024-03-24T14:14:10 IST" name="closeapp" finished-at="2024-03-24T14:14:10 IST" duration-ms="60" status="PASS">
          <reporter-output>
          </reporter-output>
        </test-method> <!-- closeapp -->
        <test-method is-config="true" signature="stopReport()[pri:0, instance:Testcase.ContactTestcase@146587a2]" started-at="2024-03-24T14:14:10 IST" name="stopReport" finished-at="2024-03-24T14:14:10 IST" duration-ms="245" status="PASS">
          <reporter-output>
          </reporter-output>
        </test-method> <!-- stopReport -->
      </class> <!-- Testcase.ContactTestcase -->
    </test> <!-- Testcontact -->
  </suite> <!-- Suite -->
</testng-results>
