<?xml version="1.0" encoding="UTF-8"?>
<testng-results ignored="0" total="5" passed="5" failed="0" skipped="0">
  <reporter-output>
  </reporter-output>
  <suite started-at="2024-03-21T12:09:45 IST" name="Suite" finished-at="2024-03-21T12:10:28 IST" duration-ms="42619">
    <groups>
    </groups>
    <test started-at="2024-03-21T12:09:45 IST" name="Testlogin" finished-at="2024-03-21T12:10:09 IST" duration-ms="23313">
      <class name="Testcase.LoginTest">
        <test-method is-config="true" signature="startapp()[pri:0, instance:Testcase.LoginTest@1338fb5]" started-at="2024-03-21T12:09:45 IST" name="startapp" finished-at="2024-03-21T12:10:03 IST" duration-ms="17404" status="PASS">
          <reporter-output>
          </reporter-output>
        </test-method> <!-- startapp -->
        <test-method is-config="true" signature="setvalues()[pri:0, instance:Testcase.LoginTest@1338fb5]" started-at="2024-03-21T12:10:03 IST" name="setvalues" finished-at="2024-03-21T12:10:03 IST" depends-on-methods="Base.BaseClass.startapp" duration-ms="0" status="PASS">
          <reporter-output>
          </reporter-output>
        </test-method> <!-- setvalues -->
        <test-method is-config="true" signature="report()[pri:0, instance:Testcase.LoginTest@1338fb5]" started-at="2024-03-21T12:10:03 IST" name="report" finished-at="2024-03-21T12:10:03 IST" duration-ms="4" status="PASS">
          <reporter-output>
          </reporter-output>
        </test-method> <!-- report -->
        <test-method signature="logincase(java.lang.String,java.lang.String)[pri:0, instance:Testcase.LoginTest@1338fb5]" started-at="2024-03-21T12:10:03 IST" name="logincase" data-provider="fetch" finished-at="2024-03-21T12:10:04 IST" duration-ms="202" status="PASS">
          <params>
            <param index="0">
              <value>
                <![CDATA[Admin1]]>
              </value>
            </param>
            <param index="1">
              <value>
                <![CDATA[admin]]>
              </value>
            </param>
          </params>
          <reporter-output>
          </reporter-output>
        </test-method> <!-- logincase -->
        <test-method signature="logincase(java.lang.String,java.lang.String)[pri:0, instance:Testcase.LoginTest@1338fb5]" started-at="2024-03-21T12:10:04 IST" name="logincase" data-provider="fetch" finished-at="2024-03-21T12:10:07 IST" duration-ms="2943" status="PASS">
          <params>
            <param index="0">
              <value>
                <![CDATA[Admin]]>
              </value>
            </param>
            <param index="1">
              <value>
                <![CDATA[sad]]>
              </value>
            </param>
          </params>
          <reporter-output>
          </reporter-output>
        </test-method> <!-- logincase -->
        <test-method signature="logincase(java.lang.String,java.lang.String)[pri:0, instance:Testcase.LoginTest@1338fb5]" started-at="2024-03-21T12:10:07 IST" name="logincase" data-provider="fetch" finished-at="2024-03-21T12:10:07 IST" duration-ms="528" status="PASS">
          <params>
            <param index="0">
              <value>
                <![CDATA[jkca]]>
              </value>
            </param>
            <param index="1">
              <value>
                <![CDATA[admin123]]>
              </value>
            </param>
          </params>
          <reporter-output>
          </reporter-output>
        </test-method> <!-- logincase -->
        <test-method signature="logincase(java.lang.String,java.lang.String)[pri:0, instance:Testcase.LoginTest@1338fb5]" started-at="2024-03-21T12:10:07 IST" name="logincase" data-provider="fetch" finished-at="2024-03-21T12:10:09 IST" duration-ms="1467" status="PASS">
          <params>
            <param index="0">
              <value>
                <![CDATA[Admin]]>
              </value>
            </param>
            <param index="1">
              <value>
                <![CDATA[admin123]]>
              </value>
            </param>
          </params>
          <reporter-output>
          </reporter-output>
        </test-method> <!-- logincase -->
        <test-method is-config="true" signature="closeapp()[pri:0, instance:Testcase.LoginTest@1338fb5]" started-at="2024-03-21T12:10:09 IST" name="closeapp" finished-at="2024-03-21T12:10:09 IST" duration-ms="78" status="PASS">
          <reporter-output>
          </reporter-output>
        </test-method> <!-- closeapp -->
      </class> <!-- Testcase.LoginTest -->
    </test> <!-- Testlogin -->
    <test started-at="2024-03-21T12:10:09 IST" name="Testcontact" finished-at="2024-03-21T12:10:28 IST" duration-ms="19295">
      <class name="Testcase.ContactTestcase">
        <test-method is-config="true" signature="startreport()[pri:0, instance:Testcase.ContactTestcase@43b6123e]" started-at="2024-03-21T12:09:45 IST" name="startreport" finished-at="2024-03-21T12:09:45 IST" duration-ms="85" status="PASS">
          <reporter-output>
          </reporter-output>
        </test-method> <!-- startreport -->
        <test-method is-config="true" signature="startapp()[pri:0, instance:Testcase.ContactTestcase@43b6123e]" started-at="2024-03-21T12:10:09 IST" name="startapp" finished-at="2024-03-21T12:10:18 IST" duration-ms="9411" status="PASS">
          <reporter-output>
          </reporter-output>
        </test-method> <!-- startapp -->
        <test-method is-config="true" signature="setvalues()[pri:0, instance:Testcase.ContactTestcase@43b6123e]" started-at="2024-03-21T12:10:18 IST" name="setvalues" finished-at="2024-03-21T12:10:18 IST" depends-on-methods="Base.BaseClass.startapp" duration-ms="0" status="PASS">
          <reporter-output>
          </reporter-output>
        </test-method> <!-- setvalues -->
        <test-method is-config="true" signature="report()[pri:0, instance:Testcase.ContactTestcase@43b6123e]" started-at="2024-03-21T12:10:18 IST" name="report" finished-at="2024-03-21T12:10:18 IST" duration-ms="0" status="PASS">
          <reporter-output>
          </reporter-output>
        </test-method> <!-- report -->
        <test-method signature="contactcase()[pri:0, instance:Testcase.ContactTestcase@43b6123e]" started-at="2024-03-21T12:10:18 IST" name="contactcase" finished-at="2024-03-21T12:10:28 IST" duration-ms="9775" status="PASS">
          <reporter-output>
          </reporter-output>
        </test-method> <!-- contactcase -->
        <test-method is-config="true" signature="closeapp()[pri:0, instance:Testcase.ContactTestcase@43b6123e]" started-at="2024-03-21T12:10:28 IST" name="closeapp" finished-at="2024-03-21T12:10:28 IST" duration-ms="107" status="PASS">
          <reporter-output>
          </reporter-output>
        </test-method> <!-- closeapp -->
        <test-method is-config="true" signature="stopReport()[pri:0, instance:Testcase.ContactTestcase@43b6123e]" started-at="2024-03-21T12:10:28 IST" name="stopReport" finished-at="2024-03-21T12:10:28 IST" duration-ms="224" status="PASS">
          <reporter-output>
          </reporter-output>
        </test-method> <!-- stopReport -->
      </class> <!-- Testcase.ContactTestcase -->
    </test> <!-- Testcontact -->
  </suite> <!-- Suite -->
</testng-results>
